Status: Error

Traceback (most recent call last):
  File "/mnt/d/Article/test/output/1/o4-mini/main/problem_2/variants/variant_0_refinements/iteration_1/solution.py", line 3, in <module>
    import gurobipy as gp
ModuleNotFoundError: No module named 'gurobipy'

During handling of the above exception, another exception occurred:

Traceback (most recent call last):
  File "/mnt/d/Article/test/output/1/o4-mini/main/problem_2/variants/variant_0_refinements/iteration_1/solution.py", line 7, in <module>
    from pulp import LpProblem, LpMinimize, LpVariable, LpBinary, LpStatus, value, PULP_CBC_CMD
ModuleNotFoundError: No module named 'pulp'
